----------

Sat Jul 18 2020 21:49:03 GMT+0530 (India Standard Time)

'C:\Users\varun\Desktop\Web' is not recognized as an internal or external command,
operable program or batch file.


----------

Sun Jul 26 2020 18:36:28 GMT+0530 (India Standard Time)

warning: LF will be replaced by CRLF in Blogs/CodePurpose.html.
The file will have its original line endings in your working directory


----------

Sun Jul 26 2020 18:36:28 GMT+0530 (India Standard Time)

warning: LF will be replaced by CRLF in Blogs/Getting Started with JS/GettingStartedWithJS.html.
The file will have its original line endings in your working directory


----------

Sun Jul 26 2020 18:36:28 GMT+0530 (India Standard Time)

warning: LF will be replaced by CRLF in Blogs/Getting Started with JS/HistoryOfJS.html.
The file will have its original line endings in your working directory


----------

Sun Jul 26 2020 18:36:28 GMT+0530 (India Standard Time)

warning: LF will be replaced by CRLF in Blogs/Getting Started with JS/LanguagesDiscovery.html.
The file will have its original line endings in your working directory


----------

Sun Jul 26 2020 18:36:28 GMT+0530 (India Standard Time)

warning: LF will be replaced by CRLF in Blogs/impTools.html.
The file will have its original line endings in your working directory


----------

Sun Jul 26 2020 18:36:28 GMT+0530 (India Standard Time)

warning: LF will be replaced by CRLF in Blogs/introToWebDev.html.
The file will have its original line endings in your working directory


----------

Sun Jul 26 2020 18:36:28 GMT+0530 (India Standard Time)

warning: LF will be replaced by CRLF in Blogs/theHouse.html.
The file will have its original line endings in your working directory


----------

Sun Jul 26 2020 18:36:28 GMT+0530 (India Standard Time)

warning: LF will be replaced by CRLF in about.html.
The file will have its original line endings in your working directory


----------

Sun Jul 26 2020 18:36:29 GMT+0530 (India Standard Time)

warning: LF will be replaced by CRLF in assets/bootstrap/css/bootstrap.min.css.
The file will have its original line endings in your working directory


----------

Sun Jul 26 2020 18:36:29 GMT+0530 (India Standard Time)

warning: LF will be replaced by CRLF in assets/js/smart-forms.min.js.
The file will have its original line endings in your working directory


----------

Sun Jul 26 2020 18:36:29 GMT+0530 (India Standard Time)

warning: LF will be replaced by CRLF in blogs.html.
The file will have its original line endings in your working directory


----------

Sun Jul 26 2020 18:36:29 GMT+0530 (India Standard Time)

warning: LF will be replaced by CRLF in contact.html.
The file will have its original line endings in your working directory


----------

Sun Jul 26 2020 18:36:29 GMT+0530 (India Standard Time)

warning: LF will be replaced by CRLF in index.html.
The file will have its original line endings in your working directory


----------

Sun Jul 26 2020 18:36:29 GMT+0530 (India Standard Time)

warning: LF will be replaced by CRLF in sitemap.xml.
The file will have its original line endings in your working directory


----------

Sun Jul 26 2020 18:36:29 GMT+0530 (India Standard Time)

warning: LF will be replaced by CRLF in Blogs/post.html.
The file will have its original line endings in your working directory


----------

Sun Jul 26 2020 18:36:30 GMT+0530 (India Standard Time)

error: src refspec master does not match any
error: failed to push some refs to 'https://github.com/NXture/nxture.git'


